PinkBlack :: args : {'gpu': 0, 'batch_size': 128, 'train_signal': '/home/azureuser/env/utils/complex-new/clean/', 'train_noise': '/home/azureuser/env/utils/complex-new/noise/', 'test_signal': '/home/azureuser/env/utils/complex-new/valclean', 'test_noise': '/home/azureuser/env/utils/complex-new/valnoise/', 'sequence_length': 16384, 'num_step': 20000, 'validation_interval': 500, 'num_workers': 0, 'ckpt': 'unet/ckpt.pth', 'model_complexity': 45, 'lr': 0.01, 'num_signal': 0, 'num_noise': 0, 'optimizer': 'adam', 'lr_decay': 0.5, 'momentum': 0, 'multi_gpu': False, 'complex': True, 'model_depth': 20, 'swa': False, 'loss': 'wsdr', 'log_amp': False, 'metric': 'pesq', 'train_dataset': 'se', 'valid_dataset': 'se', 'preload': False, 'padding_mode': 'reflect'}
Got 94930 signals and 94930 mixtures.
Got 10709 signals and 10709 mixtures.
SourceSeparator(
  (net): Sequential(
    (0): STFT(
      (stft): STFT(fft_length=512, hop_length=128, win_length=None)(center=True, pad_mode=reflect, normalized=False, onesided=True)
      (amp2db): AmplitudeToDb(ref=1.0, amin=1e-07)
    )
    (1): UNet(
      (encoder0): Encoder(
        (conv): ComplexConv2d(
          (conv_re): Conv2d(1, 31, kernel_size=(7, 1), stride=(1, 1), padding=(3, 0))
          (conv_im): Conv2d(1, 31, kernel_size=(7, 1), stride=(1, 1), padding=(3, 0))
        )
        (bn): ComplexBatchNorm2d(
          (bn_re): BatchNorm2d(31, eps=1e-05, momentum=0.1, affine=True, track_running_stats=True)
          (bn_im): BatchNorm2d(31, eps=1e-05, momentum=0.1, affine=True, track_running_stats=True)
        )
        (relu): LeakyReLU(negative_slope=0.01, inplace)
      )
      (encoder1): Encoder(
        (conv): ComplexConv2d(
          (conv_re): Conv2d(31, 31, kernel_size=(1, 7), stride=(1, 1), padding=(0, 3))
          (conv_im): Conv2d(31, 31, kernel_size=(1, 7), stride=(1, 1), padding=(0, 3))
        )
        (bn): ComplexBatchNorm2d(
          (bn_re): BatchNorm2d(31, eps=1e-05, momentum=0.1, affine=True, track_running_stats=True)
          (bn_im): BatchNorm2d(31, eps=1e-05, momentum=0.1, affine=True, track_running_stats=True)
        )
        (relu): LeakyReLU(negative_slope=0.01, inplace)
      )
      (encoder2): Encoder(
        (conv): ComplexConv2d(
          (conv_re): Conv2d(31, 62, kernel_size=(6, 4), stride=(2, 2), padding=[2, 1])
          (conv_im): Conv2d(31, 62, kernel_size=(6, 4), stride=(2, 2), padding=[2, 1])
        )
        (bn): ComplexBatchNorm2d(
          (bn_re): BatchNorm2d(62, eps=1e-05, momentum=0.1, affine=True, track_running_stats=True)
          (bn_im): BatchNorm2d(62, eps=1e-05, momentum=0.1, affine=True, track_running_stats=True)
        )
        (relu): LeakyReLU(negative_slope=0.01, inplace)
      )
      (encoder3): Encoder(
        (conv): ComplexConv2d(
          (conv_re): Conv2d(62, 62, kernel_size=(7, 5), stride=(2, 1), padding=[3, 2])
          (conv_im): Conv2d(62, 62, kernel_size=(7, 5), stride=(2, 1), padding=[3, 2])
        )
        (bn): ComplexBatchNorm2d(
          (bn_re): BatchNorm2d(62, eps=1e-05, momentum=0.1, affine=True, track_running_stats=True)
          (bn_im): BatchNorm2d(62, eps=1e-05, momentum=0.1, affine=True, track_running_stats=True)
        )
        (relu): LeakyReLU(negative_slope=0.01, inplace)
      )
      (encoder4): Encoder(
        (conv): ComplexConv2d(
          (conv_re): Conv2d(62, 62, kernel_size=(5, 3), stride=(2, 2), padding=[2, 1])
          (conv_im): Conv2d(62, 62, kernel_size=(5, 3), stride=(2, 2), padding=[2, 1])
        )
        (bn): ComplexBatchNorm2d(
          (bn_re): BatchNorm2d(62, eps=1e-05, momentum=0.1, affine=True, track_running_stats=True)
          (bn_im): BatchNorm2d(62, eps=1e-05, momentum=0.1, affine=True, track_running_stats=True)
        )
        (relu): LeakyReLU(negative_slope=0.01, inplace)
      )
      (encoder5): Encoder(
        (conv): ComplexConv2d(
          (conv_re): Conv2d(62, 62, kernel_size=(5, 3), stride=(2, 1), padding=[2, 1])
          (conv_im): Conv2d(62, 62, kernel_size=(5, 3), stride=(2, 1), padding=[2, 1])
        )
        (bn): ComplexBatchNorm2d(
          (bn_re): BatchNorm2d(62, eps=1e-05, momentum=0.1, affine=True, track_running_stats=True)
          (bn_im): BatchNorm2d(62, eps=1e-05, momentum=0.1, affine=True, track_running_stats=True)
        )
        (relu): LeakyReLU(negative_slope=0.01, inplace)
      )
      (encoder6): Encoder(
        (conv): ComplexConv2d(
          (conv_re): Conv2d(62, 62, kernel_size=(5, 3), stride=(2, 2), padding=[2, 1])
          (conv_im): Conv2d(62, 62, kernel_size=(5, 3), stride=(2, 2), padding=[2, 1])
        )
        (bn): ComplexBatchNorm2d(
          (bn_re): BatchNorm2d(62, eps=1e-05, momentum=0.1, affine=True, track_running_stats=True)
          (bn_im): BatchNorm2d(62, eps=1e-05, momentum=0.1, affine=True, track_running_stats=True)
        )
        (relu): LeakyReLU(negative_slope=0.01, inplace)
      )
      (encoder7): Encoder(
        (conv): ComplexConv2d(
          (conv_re): Conv2d(62, 62, kernel_size=(5, 3), stride=(2, 1), padding=[2, 1])
          (conv_im): Conv2d(62, 62, kernel_size=(5, 3), stride=(2, 1), padding=[2, 1])
        )
        (bn): ComplexBatchNorm2d(
          (bn_re): BatchNorm2d(62, eps=1e-05, momentum=0.1, affine=True, track_running_stats=True)
          (bn_im): BatchNorm2d(62, eps=1e-05, momentum=0.1, affine=True, track_running_stats=True)
        )
        (relu): LeakyReLU(negative_slope=0.01, inplace)
      )
      (encoder8): Encoder(
        (conv): ComplexConv2d(
          (conv_re): Conv2d(62, 62, kernel_size=(5, 3), stride=(2, 2), padding=[2, 1])
          (conv_im): Conv2d(62, 62, kernel_size=(5, 3), stride=(2, 2), padding=[2, 1])
        )
        (bn): ComplexBatchNorm2d(
          (bn_re): BatchNorm2d(62, eps=1e-05, momentum=0.1, affine=True, track_running_stats=True)
          (bn_im): BatchNorm2d(62, eps=1e-05, momentum=0.1, affine=True, track_running_stats=True)
        )
        (relu): LeakyReLU(negative_slope=0.01, inplace)
      )
      (encoder9): Encoder(
        (conv): ComplexConv2d(
          (conv_re): Conv2d(62, 128, kernel_size=(5, 3), stride=(2, 1), padding=[2, 1])
          (conv_im): Conv2d(62, 128, kernel_size=(5, 3), stride=(2, 1), padding=[2, 1])
        )
        (bn): ComplexBatchNorm2d(
          (bn_re): BatchNorm2d(128, eps=1e-05, momentum=0.1, affine=True, track_running_stats=True)
          (bn_im): BatchNorm2d(128, eps=1e-05, momentum=0.1, affine=True, track_running_stats=True)
        )
        (relu): LeakyReLU(negative_slope=0.01, inplace)
      )
      (decoder0): Decoder(
        (transconv): ComplexConvTranspose2d(
          (tconv_re): ConvTranspose2d(128, 62, kernel_size=(4, 3), stride=(2, 1), padding=(1, 1))
          (tconv_im): ConvTranspose2d(128, 62, kernel_size=(4, 3), stride=(2, 1), padding=(1, 1))
        )
        (bn): ComplexBatchNorm2d(
          (bn_re): BatchNorm2d(62, eps=1e-05, momentum=0.1, affine=True, track_running_stats=True)
          (bn_im): BatchNorm2d(62, eps=1e-05, momentum=0.1, affine=True, track_running_stats=True)
        )
        (relu): LeakyReLU(negative_slope=0.01, inplace)
      )
      (decoder1): Decoder(
        (transconv): ComplexConvTranspose2d(
          (tconv_re): ConvTranspose2d(124, 62, kernel_size=(4, 2), stride=(2, 2), padding=(1, 0))
          (tconv_im): ConvTranspose2d(124, 62, kernel_size=(4, 2), stride=(2, 2), padding=(1, 0))
        )
        (bn): ComplexBatchNorm2d(
          (bn_re): BatchNorm2d(62, eps=1e-05, momentum=0.1, affine=True, track_running_stats=True)
          (bn_im): BatchNorm2d(62, eps=1e-05, momentum=0.1, affine=True, track_running_stats=True)
        )
        (relu): LeakyReLU(negative_slope=0.01, inplace)
      )
      (decoder2): Decoder(
        (transconv): ComplexConvTranspose2d(
          (tconv_re): ConvTranspose2d(124, 62, kernel_size=(4, 3), stride=(2, 1), padding=(1, 1))
          (tconv_im): ConvTranspose2d(124, 62, kernel_size=(4, 3), stride=(2, 1), padding=(1, 1))
        )
        (bn): ComplexBatchNorm2d(
          (bn_re): BatchNorm2d(62, eps=1e-05, momentum=0.1, affine=True, track_running_stats=True)
          (bn_im): BatchNorm2d(62, eps=1e-05, momentum=0.1, affine=True, track_running_stats=True)
        )
        (relu): LeakyReLU(negative_slope=0.01, inplace)
      )
      (decoder3): Decoder(
        (transconv): ComplexConvTranspose2d(
          (tconv_re): ConvTranspose2d(124, 62, kernel_size=(4, 2), stride=(2, 2), padding=(1, 0))
          (tconv_im): ConvTranspose2d(124, 62, kernel_size=(4, 2), stride=(2, 2), padding=(1, 0))
        )
        (bn): ComplexBatchNorm2d(
          (bn_re): BatchNorm2d(62, eps=1e-05, momentum=0.1, affine=True, track_running_stats=True)
          (bn_im): BatchNorm2d(62, eps=1e-05, momentum=0.1, affine=True, track_running_stats=True)
        )
        (relu): LeakyReLU(negative_slope=0.01, inplace)
      )
      (decoder4): Decoder(
        (transconv): ComplexConvTranspose2d(
          (tconv_re): ConvTranspose2d(124, 62, kernel_size=(4, 3), stride=(2, 1), padding=(1, 1))
          (tconv_im): ConvTranspose2d(124, 62, kernel_size=(4, 3), stride=(2, 1), padding=(1, 1))
        )
        (bn): ComplexBatchNorm2d(
          (bn_re): BatchNorm2d(62, eps=1e-05, momentum=0.1, affine=True, track_running_stats=True)
          (bn_im): BatchNorm2d(62, eps=1e-05, momentum=0.1, affine=True, track_running_stats=True)
        )
        (relu): LeakyReLU(negative_slope=0.01, inplace)
      )
      (decoder5): Decoder(
        (transconv): ComplexConvTranspose2d(
          (tconv_re): ConvTranspose2d(124, 62, kernel_size=(4, 2), stride=(2, 2), padding=(1, 0))
          (tconv_im): ConvTranspose2d(124, 62, kernel_size=(4, 2), stride=(2, 2), padding=(1, 0))
        )
        (bn): ComplexBatchNorm2d(
          (bn_re): BatchNorm2d(62, eps=1e-05, momentum=0.1, affine=True, track_running_stats=True)
          (bn_im): BatchNorm2d(62, eps=1e-05, momentum=0.1, affine=True, track_running_stats=True)
        )
        (relu): LeakyReLU(negative_slope=0.01, inplace)
      )
      (decoder6): Decoder(
        (transconv): ComplexConvTranspose2d(
          (tconv_re): ConvTranspose2d(124, 62, kernel_size=(6, 3), stride=(2, 1), padding=(2, 1))
          (tconv_im): ConvTranspose2d(124, 62, kernel_size=(6, 3), stride=(2, 1), padding=(2, 1))
        )
        (bn): ComplexBatchNorm2d(
          (bn_re): BatchNorm2d(62, eps=1e-05, momentum=0.1, affine=True, track_running_stats=True)
          (bn_im): BatchNorm2d(62, eps=1e-05, momentum=0.1, affine=True, track_running_stats=True)
        )
        (relu): LeakyReLU(negative_slope=0.01, inplace)
      )
      (decoder7): Decoder(
        (transconv): ComplexConvTranspose2d(
          (tconv_re): ConvTranspose2d(124, 62, kernel_size=(7, 5), stride=(2, 2), padding=(2, 1))
          (tconv_im): ConvTranspose2d(124, 62, kernel_size=(7, 5), stride=(2, 2), padding=(2, 1))
        )
        (bn): ComplexBatchNorm2d(
          (bn_re): BatchNorm2d(62, eps=1e-05, momentum=0.1, affine=True, track_running_stats=True)
          (bn_im): BatchNorm2d(62, eps=1e-05, momentum=0.1, affine=True, track_running_stats=True)
        )
        (relu): LeakyReLU(negative_slope=0.01, inplace)
      )
      (decoder8): Decoder(
        (transconv): ComplexConvTranspose2d(
          (tconv_re): ConvTranspose2d(93, 62, kernel_size=(1, 7), stride=(1, 1), padding=(0, 3))
          (tconv_im): ConvTranspose2d(93, 62, kernel_size=(1, 7), stride=(1, 1), padding=(0, 3))
        )
        (bn): ComplexBatchNorm2d(
          (bn_re): BatchNorm2d(62, eps=1e-05, momentum=0.1, affine=True, track_running_stats=True)
          (bn_im): BatchNorm2d(62, eps=1e-05, momentum=0.1, affine=True, track_running_stats=True)
        )
        (relu): LeakyReLU(negative_slope=0.01, inplace)
      )
      (decoder9): Decoder(
        (transconv): ComplexConvTranspose2d(
          (tconv_re): ConvTranspose2d(93, 62, kernel_size=(7, 1), stride=(1, 1), padding=(3, 0))
          (tconv_im): ConvTranspose2d(93, 62, kernel_size=(7, 1), stride=(1, 1), padding=(3, 0))
        )
        (bn): ComplexBatchNorm2d(
          (bn_re): BatchNorm2d(62, eps=1e-05, momentum=0.1, affine=True, track_running_stats=True)
          (bn_im): BatchNorm2d(62, eps=1e-05, momentum=0.1, affine=True, track_running_stats=True)
        )
        (relu): LeakyReLU(negative_slope=0.01, inplace)
      )
      (linear): ComplexConv2d(
        (conv_re): Conv2d(62, 1, kernel_size=(1, 1), stride=(1, 1))
        (conv_im): Conv2d(62, 1, kernel_size=(1, 1), stride=(1, 1))
      )
      (decoders): ModuleList(
        (0): Decoder(
          (transconv): ComplexConvTranspose2d(
            (tconv_re): ConvTranspose2d(128, 62, kernel_size=(4, 3), stride=(2, 1), padding=(1, 1))
            (tconv_im): ConvTranspose2d(128, 62, kernel_size=(4, 3), stride=(2, 1), padding=(1, 1))
          )
          (bn): ComplexBatchNorm2d(
            (bn_re): BatchNorm2d(62, eps=1e-05, momentum=0.1, affine=True, track_running_stats=True)
            (bn_im): BatchNorm2d(62, eps=1e-05, momentum=0.1, affine=True, track_running_stats=True)
          )
          (relu): LeakyReLU(negative_slope=0.01, inplace)
        )
        (1): Decoder(
          (transconv): ComplexConvTranspose2d(
            (tconv_re): ConvTranspose2d(124, 62, kernel_size=(4, 2), stride=(2, 2), padding=(1, 0))
            (tconv_im): ConvTranspose2d(124, 62, kernel_size=(4, 2), stride=(2, 2), padding=(1, 0))
          )
          (bn): ComplexBatchNorm2d(
            (bn_re): BatchNorm2d(62, eps=1e-05, momentum=0.1, affine=True, track_running_stats=True)
            (bn_im): BatchNorm2d(62, eps=1e-05, momentum=0.1, affine=True, track_running_stats=True)
          )
          (relu): LeakyReLU(negative_slope=0.01, inplace)
        )
        (2): Decoder(
          (transconv): ComplexConvTranspose2d(
            (tconv_re): ConvTranspose2d(124, 62, kernel_size=(4, 3), stride=(2, 1), padding=(1, 1))
            (tconv_im): ConvTranspose2d(124, 62, kernel_size=(4, 3), stride=(2, 1), padding=(1, 1))
          )
          (bn): ComplexBatchNorm2d(
            (bn_re): BatchNorm2d(62, eps=1e-05, momentum=0.1, affine=True, track_running_stats=True)
            (bn_im): BatchNorm2d(62, eps=1e-05, momentum=0.1, affine=True, track_running_stats=True)
          )
          (relu): LeakyReLU(negative_slope=0.01, inplace)
        )
        (3): Decoder(
          (transconv): ComplexConvTranspose2d(
            (tconv_re): ConvTranspose2d(124, 62, kernel_size=(4, 2), stride=(2, 2), padding=(1, 0))
            (tconv_im): ConvTranspose2d(124, 62, kernel_size=(4, 2), stride=(2, 2), padding=(1, 0))
          )
          (bn): ComplexBatchNorm2d(
            (bn_re): BatchNorm2d(62, eps=1e-05, momentum=0.1, affine=True, track_running_stats=True)
            (bn_im): BatchNorm2d(62, eps=1e-05, momentum=0.1, affine=True, track_running_stats=True)
          )
          (relu): LeakyReLU(negative_slope=0.01, inplace)
        )
        (4): Decoder(
          (transconv): ComplexConvTranspose2d(
            (tconv_re): ConvTranspose2d(124, 62, kernel_size=(4, 3), stride=(2, 1), padding=(1, 1))
            (tconv_im): ConvTranspose2d(124, 62, kernel_size=(4, 3), stride=(2, 1), padding=(1, 1))
          )
          (bn): ComplexBatchNorm2d(
            (bn_re): BatchNorm2d(62, eps=1e-05, momentum=0.1, affine=True, track_running_stats=True)
            (bn_im): BatchNorm2d(62, eps=1e-05, momentum=0.1, affine=True, track_running_stats=True)
          )
          (relu): LeakyReLU(negative_slope=0.01, inplace)
        )
        (5): Decoder(
          (transconv): ComplexConvTranspose2d(
            (tconv_re): ConvTranspose2d(124, 62, kernel_size=(4, 2), stride=(2, 2), padding=(1, 0))
            (tconv_im): ConvTranspose2d(124, 62, kernel_size=(4, 2), stride=(2, 2), padding=(1, 0))
          )
          (bn): ComplexBatchNorm2d(
            (bn_re): BatchNorm2d(62, eps=1e-05, momentum=0.1, affine=True, track_running_stats=True)
            (bn_im): BatchNorm2d(62, eps=1e-05, momentum=0.1, affine=True, track_running_stats=True)
          )
          (relu): LeakyReLU(negative_slope=0.01, inplace)
        )
        (6): Decoder(
          (transconv): ComplexConvTranspose2d(
            (tconv_re): ConvTranspose2d(124, 62, kernel_size=(6, 3), stride=(2, 1), padding=(2, 1))
            (tconv_im): ConvTranspose2d(124, 62, kernel_size=(6, 3), stride=(2, 1), padding=(2, 1))
          )
          (bn): ComplexBatchNorm2d(
            (bn_re): BatchNorm2d(62, eps=1e-05, momentum=0.1, affine=True, track_running_stats=True)
            (bn_im): BatchNorm2d(62, eps=1e-05, momentum=0.1, affine=True, track_running_stats=True)
          )
          (relu): LeakyReLU(negative_slope=0.01, inplace)
        )
        (7): Decoder(
          (transconv): ComplexConvTranspose2d(
            (tconv_re): ConvTranspose2d(124, 62, kernel_size=(7, 5), stride=(2, 2), padding=(2, 1))
            (tconv_im): ConvTranspose2d(124, 62, kernel_size=(7, 5), stride=(2, 2), padding=(2, 1))
          )
          (bn): ComplexBatchNorm2d(
            (bn_re): BatchNorm2d(62, eps=1e-05, momentum=0.1, affine=True, track_running_stats=True)
            (bn_im): BatchNorm2d(62, eps=1e-05, momentum=0.1, affine=True, track_running_stats=True)
          )
          (relu): LeakyReLU(negative_slope=0.01, inplace)
        )
        (8): Decoder(
          (transconv): ComplexConvTranspose2d(
            (tconv_re): ConvTranspose2d(93, 62, kernel_size=(1, 7), stride=(1, 1), padding=(0, 3))
            (tconv_im): ConvTranspose2d(93, 62, kernel_size=(1, 7), stride=(1, 1), padding=(0, 3))
          )
          (bn): ComplexBatchNorm2d(
            (bn_re): BatchNorm2d(62, eps=1e-05, momentum=0.1, affine=True, track_running_stats=True)
            (bn_im): BatchNorm2d(62, eps=1e-05, momentum=0.1, affine=True, track_running_stats=True)
          )
          (relu): LeakyReLU(negative_slope=0.01, inplace)
        )
        (9): Decoder(
          (transconv): ComplexConvTranspose2d(
            (tconv_re): ConvTranspose2d(93, 62, kernel_size=(7, 1), stride=(1, 1), padding=(3, 0))
            (tconv_im): ConvTranspose2d(93, 62, kernel_size=(7, 1), stride=(1, 1), padding=(3, 0))
          )
          (bn): ComplexBatchNorm2d(
            (bn_re): BatchNorm2d(62, eps=1e-05, momentum=0.1, affine=True, track_running_stats=True)
            (bn_im): BatchNorm2d(62, eps=1e-05, momentum=0.1, affine=True, track_running_stats=True)
          )
          (relu): LeakyReLU(negative_slope=0.01, inplace)
        )
      )
      (encoders): ModuleList(
        (0): Encoder(
          (conv): ComplexConv2d(
            (conv_re): Conv2d(1, 31, kernel_size=(7, 1), stride=(1, 1), padding=(3, 0))
            (conv_im): Conv2d(1, 31, kernel_size=(7, 1), stride=(1, 1), padding=(3, 0))
          )
          (bn): ComplexBatchNorm2d(
            (bn_re): BatchNorm2d(31, eps=1e-05, momentum=0.1, affine=True, track_running_stats=True)
            (bn_im): BatchNorm2d(31, eps=1e-05, momentum=0.1, affine=True, track_running_stats=True)
          )
          (relu): LeakyReLU(negative_slope=0.01, inplace)
        )
        (1): Encoder(
          (conv): ComplexConv2d(
            (conv_re): Conv2d(31, 31, kernel_size=(1, 7), stride=(1, 1), padding=(0, 3))
            (conv_im): Conv2d(31, 31, kernel_size=(1, 7), stride=(1, 1), padding=(0, 3))
          )
          (bn): ComplexBatchNorm2d(
            (bn_re): BatchNorm2d(31, eps=1e-05, momentum=0.1, affine=True, track_running_stats=True)
            (bn_im): BatchNorm2d(31, eps=1e-05, momentum=0.1, affine=True, track_running_stats=True)
          )
          (relu): LeakyReLU(negative_slope=0.01, inplace)
        )
        (2): Encoder(
          (conv): ComplexConv2d(
            (conv_re): Conv2d(31, 62, kernel_size=(6, 4), stride=(2, 2), padding=[2, 1])
            (conv_im): Conv2d(31, 62, kernel_size=(6, 4), stride=(2, 2), padding=[2, 1])
          )
          (bn): ComplexBatchNorm2d(
            (bn_re): BatchNorm2d(62, eps=1e-05, momentum=0.1, affine=True, track_running_stats=True)
            (bn_im): BatchNorm2d(62, eps=1e-05, momentum=0.1, affine=True, track_running_stats=True)
          )
          (relu): LeakyReLU(negative_slope=0.01, inplace)
        )
        (3): Encoder(
          (conv): ComplexConv2d(
            (conv_re): Conv2d(62, 62, kernel_size=(7, 5), stride=(2, 1), padding=[3, 2])
            (conv_im): Conv2d(62, 62, kernel_size=(7, 5), stride=(2, 1), padding=[3, 2])
          )
          (bn): ComplexBatchNorm2d(
            (bn_re): BatchNorm2d(62, eps=1e-05, momentum=0.1, affine=True, track_running_stats=True)
            (bn_im): BatchNorm2d(62, eps=1e-05, momentum=0.1, affine=True, track_running_stats=True)
          )
          (relu): LeakyReLU(negative_slope=0.01, inplace)
        )
        (4): Encoder(
          (conv): ComplexConv2d(
            (conv_re): Conv2d(62, 62, kernel_size=(5, 3), stride=(2, 2), padding=[2, 1])
            (conv_im): Conv2d(62, 62, kernel_size=(5, 3), stride=(2, 2), padding=[2, 1])
          )
          (bn): ComplexBatchNorm2d(
            (bn_re): BatchNorm2d(62, eps=1e-05, momentum=0.1, affine=True, track_running_stats=True)
            (bn_im): BatchNorm2d(62, eps=1e-05, momentum=0.1, affine=True, track_running_stats=True)
          )
          (relu): LeakyReLU(negative_slope=0.01, inplace)
        )
        (5): Encoder(
          (conv): ComplexConv2d(
            (conv_re): Conv2d(62, 62, kernel_size=(5, 3), stride=(2, 1), padding=[2, 1])
            (conv_im): Conv2d(62, 62, kernel_size=(5, 3), stride=(2, 1), padding=[2, 1])
          )
          (bn): ComplexBatchNorm2d(
            (bn_re): BatchNorm2d(62, eps=1e-05, momentum=0.1, affine=True, track_running_stats=True)
            (bn_im): BatchNorm2d(62, eps=1e-05, momentum=0.1, affine=True, track_running_stats=True)
          )
          (relu): LeakyReLU(negative_slope=0.01, inplace)
        )
        (6): Encoder(
          (conv): ComplexConv2d(
            (conv_re): Conv2d(62, 62, kernel_size=(5, 3), stride=(2, 2), padding=[2, 1])
            (conv_im): Conv2d(62, 62, kernel_size=(5, 3), stride=(2, 2), padding=[2, 1])
          )
          (bn): ComplexBatchNorm2d(
            (bn_re): BatchNorm2d(62, eps=1e-05, momentum=0.1, affine=True, track_running_stats=True)
            (bn_im): BatchNorm2d(62, eps=1e-05, momentum=0.1, affine=True, track_running_stats=True)
          )
          (relu): LeakyReLU(negative_slope=0.01, inplace)
        )
        (7): Encoder(
          (conv): ComplexConv2d(
            (conv_re): Conv2d(62, 62, kernel_size=(5, 3), stride=(2, 1), padding=[2, 1])
            (conv_im): Conv2d(62, 62, kernel_size=(5, 3), stride=(2, 1), padding=[2, 1])
          )
          (bn): ComplexBatchNorm2d(
            (bn_re): BatchNorm2d(62, eps=1e-05, momentum=0.1, affine=True, track_running_stats=True)
            (bn_im): BatchNorm2d(62, eps=1e-05, momentum=0.1, affine=True, track_running_stats=True)
          )
          (relu): LeakyReLU(negative_slope=0.01, inplace)
        )
        (8): Encoder(
          (conv): ComplexConv2d(
            (conv_re): Conv2d(62, 62, kernel_size=(5, 3), stride=(2, 2), padding=[2, 1])
            (conv_im): Conv2d(62, 62, kernel_size=(5, 3), stride=(2, 2), padding=[2, 1])
          )
          (bn): ComplexBatchNorm2d(
            (bn_re): BatchNorm2d(62, eps=1e-05, momentum=0.1, affine=True, track_running_stats=True)
            (bn_im): BatchNorm2d(62, eps=1e-05, momentum=0.1, affine=True, track_running_stats=True)
          )
          (relu): LeakyReLU(negative_slope=0.01, inplace)
        )
        (9): Encoder(
          (conv): ComplexConv2d(
            (conv_re): Conv2d(62, 128, kernel_size=(5, 3), stride=(2, 1), padding=[2, 1])
            (conv_im): Conv2d(62, 128, kernel_size=(5, 3), stride=(2, 1), padding=[2, 1])
          )
          (bn): ComplexBatchNorm2d(
            (bn_re): BatchNorm2d(128, eps=1e-05, momentum=0.1, affine=True, track_running_stats=True)
            (bn_im): BatchNorm2d(128, eps=1e-05, momentum=0.1, affine=True, track_running_stats=True)
          )
          (relu): LeakyReLU(negative_slope=0.01, inplace)
        )
      )
    )
    (2): ApplyMask(
      (amp2db): DbToAmplitude(ref=1.0)
    )
    (3): ISTFT(
      (amp2db): DbToAmplitude(ref=1.0)
    )
  )
)
|---------|---------|---------|---------|---------|---------|---------|
|   step  |train_loss|train_metric| val_loss|val_metric|    lr   |   time  |
|---------|---------|---------|---------|---------|---------|---------|
  0%|          | 0/500 [00:00<?, ?it/s]                                       [33mTraceback (Most recent call last):
[31m[1m156[0m train_dcunet.py[0m                                                                               [1m[32m<module>[0m [33m--> [1mtrainer.train(step=args.num_step, validation_interval=args.validation_interval)[0m                       
[31m[1m219[0m /home/azureuser/anaconda3/envs/coco/lib/python3.6/site-packages/PinkBlack/trainer.py[0m          [1m[32mtrain[0m    [33m--> [1mself.config[f'{phase}_loss'], self.config[f'{phase}_metric'] = self._train(phase, num_steps=num_steps)[0m
[31m[1m331[0m /home/azureuser/anaconda3/envs/coco/lib/python3.6/site-packages/PinkBlack/trainer.py[0m          [1m[32m_train[0m   [33m--> [1mresults = self._step(phase=phase, iterator=step_iterator)[0m                                             
[31m[1m288[0m /home/azureuser/anaconda3/envs/coco/lib/python3.6/site-packages/PinkBlack/trainer.py[0m          [1m[32m_step[0m    [33m--> [1moutputs = self.net(batch_dict)[0m                                                                        
[31m[1m493[0m /home/azureuser/anaconda3/envs/coco/lib/python3.6/site-packages/torch/nn/modules/module.py[0m    [1m[32m__call__[0m [33m--> [1mresult = self.forward(*input, **kwargs)[0m                                                               
[31m[1m30[0m  /home/azureuser/env/DeepComplexUNetPyTorch8000-enhanced1/DCUNet/source_separator.py[0m           [1m[32mforward[0m  [33m--> [1mreturn self.net(x)[0m                                                                                    
[31m[1m493[0m /home/azureuser/anaconda3/envs/coco/lib/python3.6/site-packages/torch/nn/modules/module.py[0m    [1m[32m__call__[0m [33m--> [1mresult = self.forward(*input, **kwargs)[0m                                                               
[31m[1m92[0m  /home/azureuser/anaconda3/envs/coco/lib/python3.6/site-packages/torch/nn/modules/container.py[0m [1m[32mforward[0m  [33m--> [1minput = module(input)[0m                                                                                 
[31m[1m493[0m /home/azureuser/anaconda3/envs/coco/lib/python3.6/site-packages/torch/nn/modules/module.py[0m    [1m[32m__call__[0m [33m--> [1mresult = self.forward(*input, **kwargs)[0m                                                               
[31m[1m105[0m /home/azureuser/env/DeepComplexUNetPyTorch8000-enhanced1/DCUNet/unet.py[0m                       [1m[32mforward[0m  [33m--> [1mx = encoder(x)[0m                                                                                        
[31m[1m493[0m /home/azureuser/anaconda3/envs/coco/lib/python3.6/site-packages/torch/nn/modules/module.py[0m    [1m[32m__call__[0m [33m--> [1mresult = self.forward(*input, **kwargs)[0m                                                               
[31m[1m26[0m  /home/azureuser/env/DeepComplexUNetPyTorch8000-enhanced1/DCUNet/unet.py[0m                       [1m[32mforward[0m  [33m--> [1mx = self.bn(x)[0m                                                                                        
[31m[1m493[0m /home/azureuser/anaconda3/envs/coco/lib/python3.6/site-packages/torch/nn/modules/module.py[0m    [1m[32m__call__[0m [33m--> [1mresult = self.forward(*input, **kwargs)[0m                                                               
[31m[1m64[0m  /home/azureuser/env/DeepComplexUNetPyTorch8000-enhanced1/DCUNet/complex_nn.py[0m                 [1m[32mforward[0m  [33m--> [1moutput = torch.stack((real, imag), dim=-1)[0m                                                            
[31m[1mRuntimeError: CUDA out of memory. Tried to allocate 248.00 MiB (GPU 0; 11.17 GiB total capacity; 10.64 GiB already allocated; 125.44 MiB free; 75.10 MiB cached)
> /home/azureuser/env/DeepComplexUNetPyTorch8000-enhanced1/DCUNet/complex_nn.py(64)forward()
-> output = torch.stack((real, imag), dim=-1)
(Pdb) Error in sys.excepthook:
Traceback (most recent call last):
  File "/home/azureuser/anaconda3/envs/coco/lib/python3.6/pdb.py", line 321, in _cmdloop
    self.cmdloop()
  File "/home/azureuser/anaconda3/envs/coco/lib/python3.6/cmd.py", line 126, in cmdloop
    line = input(self.prompt)
OSError: [Errno 9] Bad file descriptor

Original exception was:
Traceback (most recent call last):
  File "train_dcunet.py", line 156, in <module>
    trainer.train(step=args.num_step, validation_interval=args.validation_interval)
  File "/home/azureuser/anaconda3/envs/coco/lib/python3.6/site-packages/PinkBlack/trainer.py", line 219, in train
    self.config[f'{phase}_loss'], self.config[f'{phase}_metric'] = self._train(phase, num_steps=num_steps)
  File "/home/azureuser/anaconda3/envs/coco/lib/python3.6/site-packages/PinkBlack/trainer.py", line 331, in _train
    results = self._step(phase=phase, iterator=step_iterator)
  File "/home/azureuser/anaconda3/envs/coco/lib/python3.6/site-packages/PinkBlack/trainer.py", line 288, in _step
    outputs = self.net(batch_dict)
  File "/home/azureuser/anaconda3/envs/coco/lib/python3.6/site-packages/torch/nn/modules/module.py", line 493, in __call__
    result = self.forward(*input, **kwargs)
  File "/home/azureuser/env/DeepComplexUNetPyTorch8000-enhanced1/DCUNet/source_separator.py", line 30, in forward
    return self.net(x)
  File "/home/azureuser/anaconda3/envs/coco/lib/python3.6/site-packages/torch/nn/modules/module.py", line 493, in __call__
    result = self.forward(*input, **kwargs)
  File "/home/azureuser/anaconda3/envs/coco/lib/python3.6/site-packages/torch/nn/modules/container.py", line 92, in forward
    input = module(input)
  File "/home/azureuser/anaconda3/envs/coco/lib/python3.6/site-packages/torch/nn/modules/module.py", line 493, in __call__
    result = self.forward(*input, **kwargs)
  File "/home/azureuser/env/DeepComplexUNetPyTorch8000-enhanced1/DCUNet/unet.py", line 105, in forward
    x = encoder(x)
  File "/home/azureuser/anaconda3/envs/coco/lib/python3.6/site-packages/torch/nn/modules/module.py", line 493, in __call__
    result = self.forward(*input, **kwargs)
  File "/home/azureuser/env/DeepComplexUNetPyTorch8000-enhanced1/DCUNet/unet.py", line 26, in forward
    x = self.bn(x)
  File "/home/azureuser/anaconda3/envs/coco/lib/python3.6/site-packages/torch/nn/modules/module.py", line 493, in __call__
    result = self.forward(*input, **kwargs)
  File "/home/azureuser/env/DeepComplexUNetPyTorch8000-enhanced1/DCUNet/complex_nn.py", line 64, in forward
    output = torch.stack((real, imag), dim=-1)
RuntimeError: CUDA out of memory. Tried to allocate 248.00 MiB (GPU 0; 11.17 GiB total capacity; 10.64 GiB already allocated; 125.44 MiB free; 75.10 MiB cached)
